TN:
SF:src/Slider.ts
FN:9,Slider
FN:16,init
FNF:2
FNH:2
FNDA:1,Slider
FNDA:1,init
DA:1,1
DA:2,1
DA:3,1
DA:4,1
DA:5,1
DA:6,1
DA:7,1
DA:8,1
DA:9,1
DA:10,1
DA:11,1
DA:12,1
DA:13,1
DA:14,1
DA:15,1
DA:16,1
DA:17,1
DA:18,1
DA:19,1
DA:20,1
LF:20
LH:20
BRDA:9,0,0,1
BRDA:16,1,0,1
BRF:2
BRH:2
end_of_record
TN:
SF:src/GlobalUtils/constants.ts
FNF:0
FNH:0
DA:1,1
DA:2,1
DA:3,1
DA:4,1
DA:5,1
DA:6,1
DA:7,1
DA:8,1
DA:9,1
DA:10,1
DA:11,1
DA:12,1
DA:13,1
DA:14,1
DA:15,1
DA:16,1
DA:17,1
LF:17
LH:17
BRF:0
BRH:0
end_of_record
TN:
SF:src/Model/ThumbModel.ts
FN:20,ThumbModel
FN:37,setStep
FN:43,calculateValue
FN:47,setValue
FN:51,setStance
FN:54,setIsDecimal
FN:59,calculateOffset
FN:66,setOffset
FN:70,setStepOffset
FN:73,calculateStepOffset
FN:80,setCursorOffset
FN:84,updateThumbValue
FN:108,getValue
FN:111,getOffset
FN:115,getState
FNF:15
FNH:15
FNDA:3,ThumbModel
FNDA:3,setStep
FNDA:287,calculateValue
FNDA:291,setValue
FNDA:2,setStance
FNDA:2,setIsDecimal
FNDA:289,calculateOffset
FNDA:291,setOffset
FNDA:287,setStepOffset
FNDA:287,calculateStepOffset
FNDA:287,setCursorOffset
FNDA:287,updateThumbValue
FNDA:1,getValue
FNDA:578,getOffset
FNDA:6,getState
DA:1,1
DA:2,1
DA:3,1
DA:4,1
DA:5,1
DA:6,1
DA:7,1
DA:8,1
DA:9,1
DA:10,1
DA:11,1
DA:12,1
DA:13,1
DA:14,1
DA:15,1
DA:16,1
DA:17,1
DA:18,1
DA:19,1
DA:20,1
DA:21,3
DA:22,3
DA:23,3
DA:24,3
DA:25,3
DA:26,3
DA:27,3
DA:28,3
DA:29,3
DA:30,3
DA:31,3
DA:32,3
DA:33,3
DA:34,3
DA:35,3
DA:36,1
DA:37,1
DA:38,3
DA:39,3
DA:40,3
DA:41,3
DA:42,1
DA:43,1
DA:44,287
DA:45,287
DA:46,1
DA:47,1
DA:48,291
DA:49,291
DA:50,1
DA:51,1
DA:52,2
DA:53,2
DA:54,1
DA:55,2
DA:56,2
DA:57,2
DA:58,1
DA:59,1
DA:60,289
DA:61,289
DA:62,289
DA:63,289
DA:64,289
DA:65,1
DA:66,1
DA:67,291
DA:68,291
DA:69,1
DA:70,1
DA:71,287
DA:72,287
DA:73,1
DA:74,287
DA:75,287
DA:76,287
DA:77,287
DA:78,1
DA:79,1
DA:80,1
DA:81,287
DA:82,287
DA:83,1
DA:84,1
DA:85,287
DA:86,287
DA:87,287
DA:88,287
DA:89,287
DA:90,287
DA:91,287
DA:92,287
DA:93,287
DA:94,287
DA:95,287
DA:96,287
DA:97,287
DA:98,287
DA:99,287
DA:100,287
DA:101,287
DA:102,287
DA:103,287
DA:104,287
DA:105,287
DA:106,287
DA:107,1
DA:108,1
DA:109,1
DA:110,1
DA:111,1
DA:112,578
DA:113,578
DA:114,1
DA:115,1
DA:116,6
DA:117,6
DA:118,6
DA:119,6
DA:120,6
DA:121,6
DA:122,6
DA:123,6
DA:124,6
DA:125,6
DA:126,6
DA:127,1
DA:128,1
DA:129,1
LF:129
LH:129
BRDA:20,0,0,3
BRDA:37,1,0,3
BRDA:43,2,0,287
BRDA:47,3,0,291
BRDA:51,4,0,2
BRDA:54,5,0,2
BRDA:59,6,0,289
BRDA:66,7,0,291
BRDA:70,8,0,287
BRDA:73,9,0,287
BRDA:80,10,0,287
BRDA:84,11,0,287
BRDA:90,12,0,0
BRDA:108,13,0,1
BRDA:111,14,0,578
BRDA:115,15,0,6
BRF:16
BRH:15
end_of_record
TN:
SF:src/Model/TrackModel.ts
FN:21,TrackModel
FN:35,setEnds
FN:39,setSize
FN:42,setIsRange
FN:46,setDirection
FN:50,setSubViews
FN:56,calculateFillSize
FN:83,setFillSize
FN:87,calculateFillOffset
FN:107,setFillOffset
FN:111,updateTrackFill
FN:117,prepareChooseStance
FN:139,getState
FN:151,getFillSize
FN:155,getFillOffset
FN:159,getFillState
FNF:16
FNH:11
FNDA:3,TrackModel
FNDA:1,setEnds
FNDA:1,setSize
FNDA:1,setIsRange
FNDA:1,setDirection
FNDA:2,setSubViews
FNDA:0,calculateFillSize
FNDA:1,setFillSize
FNDA:0,calculateFillOffset
FNDA:1,setFillOffset
FNDA:0,updateTrackFill
FNDA:0,prepareChooseStance
FNDA:1,getState
FNDA:1,getFillSize
FNDA:1,getFillOffset
FNDA:0,getFillState
DA:1,1
DA:2,1
DA:3,1
DA:4,1
DA:5,1
DA:6,1
DA:7,1
DA:8,1
DA:9,1
DA:10,1
DA:11,1
DA:12,1
DA:13,1
DA:14,1
DA:15,1
DA:16,1
DA:17,1
DA:18,1
DA:19,1
DA:20,1
DA:21,1
DA:22,3
DA:23,3
DA:24,3
DA:25,3
DA:26,3
DA:27,3
DA:28,3
DA:29,3
DA:30,3
DA:31,3
DA:32,3
DA:33,3
DA:34,1
DA:35,1
DA:36,1
DA:37,1
DA:38,1
DA:39,1
DA:40,1
DA:41,1
DA:42,1
DA:43,1
DA:44,1
DA:45,1
DA:46,1
DA:47,1
DA:48,1
DA:49,1
DA:50,1
DA:51,2
DA:52,2
DA:53,2
DA:54,2
DA:55,1
DA:56,1
DA:57,0
DA:58,0
DA:59,0
DA:60,0
DA:61,0
DA:62,0
DA:63,0
DA:64,0
DA:65,0
DA:66,0
DA:67,0
DA:68,0
DA:69,0
DA:70,0
DA:71,0
DA:72,0
DA:73,0
DA:74,0
DA:75,0
DA:76,0
DA:77,0
DA:78,0
DA:79,0
DA:80,0
DA:81,0
DA:82,1
DA:83,1
DA:84,1
DA:85,1
DA:86,1
DA:87,1
DA:88,0
DA:89,0
DA:90,0
DA:91,0
DA:92,0
DA:93,0
DA:94,0
DA:95,0
DA:96,0
DA:97,0
DA:98,0
DA:99,0
DA:100,0
DA:101,0
DA:102,0
DA:103,0
DA:104,0
DA:105,0
DA:106,1
DA:107,1
DA:108,1
DA:109,1
DA:110,1
DA:111,1
DA:112,0
DA:113,0
DA:114,0
DA:115,0
DA:116,1
DA:117,1
DA:118,0
DA:119,0
DA:120,0
DA:121,0
DA:122,0
DA:123,0
DA:124,0
DA:125,0
DA:126,0
DA:127,0
DA:128,0
DA:129,0
DA:130,0
DA:131,0
DA:132,0
DA:133,0
DA:134,0
DA:135,0
DA:136,0
DA:137,0
DA:138,1
DA:139,1
DA:140,1
DA:141,1
DA:142,1
DA:143,1
DA:144,1
DA:145,1
DA:146,1
DA:147,1
DA:148,1
DA:149,1
DA:150,1
DA:151,1
DA:152,1
DA:153,1
DA:154,1
DA:155,1
DA:156,1
DA:157,1
DA:158,1
DA:159,1
DA:160,0
DA:161,0
DA:162,0
DA:163,0
DA:164,0
DA:165,1
DA:166,1
DA:167,1
LF:167
LH:95
BRDA:21,0,0,3
BRDA:35,1,0,1
BRDA:39,2,0,1
BRDA:42,3,0,1
BRDA:46,4,0,1
BRDA:50,5,0,2
BRDA:83,6,0,1
BRDA:107,7,0,1
BRDA:139,8,0,1
BRDA:151,9,0,1
BRDA:155,10,0,1
BRF:11
BRH:11
end_of_record
TN:
SF:src/Model/ThumbModelModules/endsValidation.ts
FN:6,endsValidation
FNF:1
FNH:1
FNDA:288,endsValidation
DA:1,1
DA:2,1
DA:3,1
DA:4,1
DA:5,1
DA:6,1
DA:7,288
DA:8,1
DA:9,1
DA:10,1
DA:11,288
DA:12,0
DA:13,0
DA:14,0
DA:15,288
DA:16,288
DA:17,1
DA:18,1
LF:18
LH:15
BRDA:6,0,0,288
BRDA:7,1,0,1
BRDA:9,2,0,0
BRDA:11,3,0,0
BRF:4
BRH:2
end_of_record
TN:
SF:src/Model/ThumbModelModules/prepareOffset.ts
FN:3,prepareOffset
FNF:1
FNH:1
FNDA:290,prepareOffset
DA:1,1
DA:2,1
DA:3,1
DA:4,290
DA:5,290
DA:6,1
DA:7,1
LF:7
LH:7
BRDA:3,0,0,290
BRDA:4,1,0,288
BRDA:4,2,0,2
BRF:3
BRH:3
end_of_record
TN:
SF:src/Observer/Observer.ts
FN:5,Observer
FN:9,subscribe
FN:18,unsubscribe
FN:22,notify
FNF:4
FNH:3
FNDA:44,Observer
FNDA:18,subscribe
FNDA:0,unsubscribe
FNDA:1674,notify
DA:1,1
DA:2,1
DA:3,1
DA:4,1
DA:5,1
DA:6,44
DA:7,44
DA:8,1
DA:9,1
DA:10,18
DA:11,18
DA:12,0
DA:13,18
DA:14,18
DA:15,18
DA:16,18
DA:17,1
DA:18,1
DA:19,0
DA:20,0
DA:21,1
DA:22,1
DA:23,1674
DA:24,813
DA:25,813
DA:26,1674
DA:27,1
DA:28,1
LF:28
LH:25
BRDA:5,0,0,44
BRDA:9,1,0,18
BRDA:11,2,0,0
BRDA:22,3,0,1674
BRDA:23,4,0,813
BRF:5
BRH:4
end_of_record
TN:
SF:src/Presenter/Presenter.ts
FN:48,Presenter
FN:68,init
FN:86,setTrackModelState
FN:107,setViewState
FN:112,addSliderClasses
FN:117,createSlider
FN:140,createRangeSlider
FN:156,setThumbModelState
FN:179,setThumbView
FN:187,setThumbPlacement
FN:192,setTrackFillModel
FN:203,setTrackFillView
FN:209,setTrackFillPlacement
FN:215,setTipPlacement
FN:220,createThumb
FN:224,createThumbView
FN:228,createTrackView
FN:232,createScaleView
FN:237,creteFillView
FN:241,creteTipView
FN:245,createSubViewsView
FNF:21
FNH:18
FNDA:2,Presenter
FNDA:2,init
FNDA:1,setTrackModelState
FNDA:1,setViewState
FNDA:2,addSliderClasses
FNDA:2,createSlider
FNDA:2,createRangeSlider
FNDA:2,setThumbModelState
FNDA:2,setThumbView
FNDA:2,setThumbPlacement
FNDA:2,setTrackFillModel
FNDA:2,setTrackFillView
FNDA:2,setTrackFillPlacement
FNDA:2,setTipPlacement
FNDA:2,createThumb
FNDA:2,createThumbView
FNDA:0,createTrackView
FNDA:0,createScaleView
FNDA:0,creteFillView
FNDA:2,creteTipView
FNDA:2,createSubViewsView
DA:1,1
DA:2,1
DA:3,1
DA:4,1
DA:5,1
DA:6,1
DA:7,1
DA:8,1
DA:9,1
DA:10,1
DA:11,1
DA:12,1
DA:13,1
DA:14,1
DA:15,1
DA:16,1
DA:17,1
DA:18,1
DA:19,1
DA:20,1
DA:21,1
DA:22,1
DA:23,1
DA:24,1
DA:25,1
DA:26,1
DA:27,1
DA:28,1
DA:29,1
DA:30,1
DA:31,1
DA:32,1
DA:33,1
DA:34,1
DA:35,1
DA:36,1
DA:37,1
DA:38,1
DA:39,1
DA:40,1
DA:41,1
DA:42,1
DA:43,1
DA:44,1
DA:45,1
DA:46,1
DA:47,1
DA:48,1
DA:49,2
DA:50,2
DA:51,2
DA:52,2
DA:53,2
DA:54,2
DA:55,2
DA:56,2
DA:57,2
DA:58,2
DA:59,2
DA:60,2
DA:61,2
DA:62,2
DA:63,2
DA:64,2
DA:65,2
DA:66,2
DA:67,1
DA:68,1
DA:69,2
DA:70,0
DA:71,0
DA:72,0
DA:73,0
DA:74,0
DA:75,0
DA:76,0
DA:77,2
DA:78,0
DA:79,0
DA:80,2
DA:81,2
DA:82,2
DA:83,2
DA:84,2
DA:85,1
DA:86,1
DA:87,1
DA:88,1
DA:89,1
DA:90,1
DA:91,1
DA:92,1
DA:93,1
DA:94,1
DA:95,1
DA:96,1
DA:97,1
DA:98,1
DA:99,1
DA:100,1
DA:101,1
DA:102,1
DA:103,1
DA:104,1
DA:105,1
DA:106,1
DA:107,1
DA:108,1
DA:109,1
DA:110,1
DA:111,1
DA:112,1
DA:113,2
DA:114,2
DA:115,2
DA:116,1
DA:117,1
DA:118,2
DA:119,2
DA:120,2
DA:121,2
DA:122,2
DA:123,2
DA:124,2
DA:125,2
DA:126,2
DA:127,2
DA:128,2
DA:129,2
DA:130,2
DA:131,2
DA:132,2
DA:133,2
DA:134,2
DA:135,2
DA:136,2
DA:137,2
DA:138,2
DA:139,1
DA:140,1
DA:141,2
DA:142,2
DA:143,2
DA:144,2
DA:145,2
DA:146,0
DA:147,0
DA:148,0
DA:149,2
DA:150,2
DA:151,2
DA:152,2
DA:153,2
DA:154,2
DA:155,1
DA:156,1
DA:157,2
DA:158,2
DA:159,2
DA:160,2
DA:161,2
DA:162,2
DA:163,2
DA:164,2
DA:165,2
DA:166,2
DA:167,2
DA:168,2
DA:169,2
DA:170,2
DA:171,2
DA:172,2
DA:173,2
DA:174,2
DA:175,2
DA:176,2
DA:177,1
DA:178,1
DA:179,1
DA:180,2
DA:181,2
DA:182,2
DA:183,2
DA:184,2
DA:185,2
DA:186,1
DA:187,1
DA:188,2
DA:189,2
DA:190,2
DA:191,1
DA:192,1
DA:193,2
DA:194,0
DA:195,0
DA:196,0
DA:197,0
DA:198,0
DA:199,0
DA:200,0
DA:201,2
DA:202,1
DA:203,1
DA:204,2
DA:205,0
DA:206,0
DA:207,2
DA:208,1
DA:209,1
DA:210,2
DA:211,0
DA:212,0
DA:213,2
DA:214,1
DA:215,1
DA:216,2
DA:217,2
DA:218,2
DA:219,1
DA:220,1
DA:221,2
DA:222,2
DA:223,1
DA:224,1
DA:225,2
DA:226,2
DA:227,1
DA:228,1
DA:229,0
DA:230,0
DA:231,1
DA:232,1
DA:233,0
DA:234,0
DA:235,0
DA:236,1
DA:237,1
DA:238,0
DA:239,0
DA:240,1
DA:241,1
DA:242,2
DA:243,2
DA:244,1
DA:245,1
DA:246,2
DA:247,0
DA:248,0
DA:249,0
DA:250,0
DA:251,2
DA:252,1
DA:253,1
DA:254,1
LF:254
LH:220
BRDA:48,0,0,2
BRDA:68,1,0,2
BRDA:69,2,0,0
BRDA:86,3,0,1
BRDA:96,4,0,0
BRDA:107,5,0,1
BRDA:112,6,0,2
BRDA:117,7,0,2
BRDA:132,8,0,0
BRDA:140,9,0,2
BRDA:145,10,0,0
BRDA:156,11,0,2
BRDA:166,12,0,2
BRDA:179,13,0,2
BRDA:187,14,0,2
BRDA:192,15,0,2
BRDA:203,16,0,2
BRDA:209,17,0,2
BRDA:215,18,0,2
BRDA:220,19,0,2
BRDA:224,20,0,2
BRDA:241,21,0,2
BRDA:245,22,0,2
BRF:23
BRH:19
end_of_record
TN:
SF:src/Presenter/PresenterModules/addListeners.ts
FN:3,addListeners
FNF:1
FNH:1
FNDA:2,addListeners
DA:1,1
DA:2,1
DA:3,1
DA:4,2
DA:5,2
DA:6,2
DA:7,2
DA:8,0
DA:9,0
DA:10,2
DA:11,1
DA:12,1
LF:12
LH:10
BRDA:3,0,0,2
BRDA:7,1,0,0
BRF:2
BRH:1
end_of_record
TN:
SF:src/Presenter/PresenterModules/checkParams.ts
FN:3,checkParams
FNF:1
FNH:1
FNDA:12,checkParams
DA:1,1
DA:2,1
DA:3,1
DA:4,12
DA:5,12
DA:6,12
DA:7,12
DA:8,12
DA:9,12
DA:10,12
DA:11,12
DA:12,12
DA:13,12
DA:14,12
DA:15,12
DA:16,12
DA:17,12
DA:18,12
DA:19,12
DA:20,12
DA:21,12
DA:22,12
DA:23,12
DA:24,12
DA:25,12
DA:26,12
DA:27,1
DA:28,1
DA:29,12
DA:30,12
DA:31,12
DA:32,12
DA:33,12
DA:34,12
DA:35,12
DA:36,12
DA:37,12
DA:38,12
DA:39,12
DA:40,12
DA:41,12
DA:42,12
DA:43,12
DA:44,12
DA:45,12
DA:46,12
DA:47,1
DA:48,1
LF:48
LH:48
BRDA:3,0,0,12
BRDA:18,1,0,4
BRDA:19,2,0,8
BRDA:21,3,0,1
BRDA:22,4,0,1
BRDA:24,5,0,5
BRDA:24,6,0,1
BRDA:26,7,0,1
BRDA:44,8,0,1
BRF:9
BRH:9
end_of_record
TN:
SF:src/Presenter/PresenterModules/clearHTML.ts
FN:4,clearHTML
FNF:1
FNH:0
FNDA:0,clearHTML
DA:1,1
DA:2,1
DA:3,1
DA:4,1
DA:5,0
DA:6,0
DA:7,0
DA:8,0
DA:9,0
DA:10,0
DA:11,1
DA:12,1
LF:12
LH:6
BRF:0
BRH:0
end_of_record
TN:
SF:src/Presenter/PresenterModules/removeListeners.ts
FN:4,removeListeners
FNF:1
FNH:0
FNDA:0,removeListeners
DA:1,1
DA:2,1
DA:3,1
DA:4,1
DA:5,0
DA:6,0
DA:7,1
DA:8,1
DA:9,1
LF:9
LH:7
BRF:0
BRH:0
end_of_record
TN:
SF:src/Presenter/PresenterModules/subscribe.ts
FN:3,subscribe
FNF:1
FNH:1
FNDA:2,subscribe
DA:1,1
DA:2,1
DA:3,1
DA:4,2
DA:5,2
DA:6,2
DA:7,2
DA:8,2
DA:9,2
DA:10,2
DA:11,2
DA:12,2
DA:13,2
DA:14,2
DA:15,2
DA:16,2
DA:17,2
DA:18,2
DA:19,2
DA:20,2
DA:21,2
DA:22,2
DA:23,2
DA:24,2
DA:25,2
DA:26,2
DA:27,2
DA:28,2
DA:29,2
DA:30,2
DA:31,2
DA:32,2
DA:33,2
DA:34,2
DA:35,2
DA:36,1
DA:37,1
LF:37
LH:37
BRDA:3,0,0,2
BRDA:18,1,0,2
BRDA:22,2,0,2
BRF:3
BRH:3
end_of_record
TN:
SF:src/Presenter/PresenterModules/notifyModelMethods/updateThumbModel.ts
FN:5,updateThumbModel
FNF:1
FNH:1
FNDA:287,updateThumbModel
DA:1,1
DA:2,1
DA:3,1
DA:4,1
DA:5,1
DA:6,287
DA:7,287
DA:8,287
DA:9,287
DA:10,287
DA:11,287
DA:12,287
DA:13,287
DA:14,1
DA:15,1
LF:15
LH:15
BRDA:5,0,0,287
BRF:1
BRH:1
end_of_record
TN:
SF:src/Presenter/PresenterModules/notifyModelMethods/updateThumbModelBeforeTrackClick.ts
FN:3,updateThumbModelBeforeTrackClick
FNF:1
FNH:0
FNDA:0,updateThumbModelBeforeTrackClick
DA:1,1
DA:2,1
DA:3,1
DA:4,0
DA:5,0
DA:6,1
DA:7,1
LF:7
LH:5
BRF:0
BRH:0
end_of_record
TN:
SF:src/Presenter/PresenterModules/notifyModelMethods/updateTrackFillModel.ts
FN:4,updateTrackFillModel
FNF:1
FNH:0
FNDA:0,updateTrackFillModel
DA:1,1
DA:2,1
DA:3,1
DA:4,1
DA:5,0
DA:6,0
DA:7,0
DA:8,0
DA:9,0
DA:10,1
DA:11,1
LF:11
LH:6
BRF:0
BRH:0
end_of_record
TN:
SF:src/Presenter/PresenterModules/notifyViewMethods/updateThumbView.ts
FN:4,updateThumbView
FNF:1
FNH:1
FNDA:287,updateThumbView
DA:1,1
DA:2,1
DA:3,1
DA:4,1
DA:5,287
DA:6,287
DA:7,287
DA:8,287
DA:9,0
DA:10,0
DA:11,287
DA:12,1
DA:13,1
LF:13
LH:11
BRDA:4,0,0,287
BRDA:8,1,0,0
BRF:2
BRH:1
end_of_record
TN:
SF:src/Presenter/PresenterModules/notifyViewMethods/updateTipView.ts
FN:5,updateTipView
FNF:1
FNH:1
FNDA:238,updateTipView
DA:1,1
DA:2,1
DA:3,1
DA:4,1
DA:5,1
DA:6,238
DA:7,238
DA:8,238
DA:9,1
DA:10,1
LF:10
LH:10
BRDA:5,0,0,238
BRF:1
BRH:1
end_of_record
TN:
SF:src/Presenter/PresenterModules/notifyViewMethods/updateTrackFillView.ts
FN:5,updateTrackFillView
FNF:1
FNH:1
FNDA:1,updateTrackFillView
DA:1,1
DA:2,1
DA:3,1
DA:4,1
DA:5,1
DA:6,1
DA:7,1
DA:8,1
DA:9,1
DA:10,1
DA:11,1
LF:11
LH:11
BRDA:5,0,0,1
BRF:1
BRH:1
end_of_record
TN:
SF:src/View/View.ts
FN:38,View
FN:62,setState
FN:80,setFillState
FNF:3
FNH:3
FNDA:7,View
FNDA:2,setState
FNDA:1,setFillState
DA:1,1
DA:2,1
DA:3,1
DA:4,1
DA:5,1
DA:6,1
DA:7,1
DA:8,1
DA:9,1
DA:10,1
DA:11,1
DA:12,1
DA:13,1
DA:14,1
DA:15,1
DA:16,1
DA:17,1
DA:18,1
DA:19,1
DA:20,1
DA:21,1
DA:22,1
DA:23,1
DA:24,1
DA:25,1
DA:26,1
DA:27,1
DA:28,1
DA:29,1
DA:30,1
DA:31,1
DA:32,1
DA:33,1
DA:34,1
DA:35,1
DA:36,1
DA:37,1
DA:38,1
DA:39,7
DA:40,7
DA:41,7
DA:42,7
DA:43,7
DA:44,7
DA:45,7
DA:46,7
DA:47,7
DA:48,7
DA:49,7
DA:50,7
DA:51,7
DA:52,7
DA:53,7
DA:54,7
DA:55,7
DA:56,7
DA:57,7
DA:58,7
DA:59,7
DA:60,7
DA:61,1
DA:62,1
DA:63,2
DA:64,2
DA:65,2
DA:66,2
DA:67,2
DA:68,2
DA:69,2
DA:70,2
DA:71,2
DA:72,2
DA:73,2
DA:74,2
DA:75,2
DA:76,2
DA:77,2
DA:78,2
DA:79,1
DA:80,1
DA:81,1
DA:82,1
DA:83,1
DA:84,1
DA:85,1
LF:85
LH:85
BRDA:38,0,0,7
BRDA:62,1,0,2
BRDA:80,2,0,1
BRF:3
BRH:3
end_of_record
TN:
SF:src/View/ViewElements/Fill/Fill.ts
FN:11,Fill
FN:19,createFill
FN:26,setSize
FN:29,setOffset
FN:33,getSize
FN:36,getOffset
FNF:6
FNH:6
FNDA:8,Fill
FNDA:2,createFill
FNDA:3,setSize
FNDA:3,setOffset
FNDA:6,getSize
FNDA:4,getOffset
DA:1,1
DA:2,1
DA:3,1
DA:4,1
DA:5,1
DA:6,1
DA:7,1
DA:8,1
DA:9,1
DA:10,1
DA:11,1
DA:12,8
DA:13,8
DA:14,8
DA:15,8
DA:16,8
DA:17,8
DA:18,1
DA:19,1
DA:20,2
DA:21,2
DA:22,2
DA:23,2
DA:24,2
DA:25,2
DA:26,1
DA:27,3
DA:28,3
DA:29,1
DA:30,3
DA:31,3
DA:32,1
DA:33,1
DA:34,6
DA:35,6
DA:36,1
DA:37,4
DA:38,4
DA:39,1
DA:40,1
DA:41,1
LF:41
LH:41
BRDA:11,0,0,8
BRDA:19,1,0,2
BRDA:26,2,0,3
BRDA:29,3,0,3
BRDA:33,4,0,6
BRDA:36,5,0,4
BRF:6
BRH:6
end_of_record
TN:
SF:src/View/ViewElements/Fill/utils/updateFill.ts
FN:6,updateFill
FNF:1
FNH:1
FNDA:5,updateFill
DA:1,1
DA:2,1
DA:3,1
DA:4,1
DA:5,1
DA:6,1
DA:7,5
DA:8,3
DA:9,3
DA:10,3
DA:11,3
DA:12,3
DA:13,5
DA:14,2
DA:15,2
DA:16,2
DA:17,2
DA:18,5
DA:19,1
DA:20,1
LF:20
LH:20
BRDA:6,0,0,5
BRDA:7,1,0,3
BRDA:13,2,0,2
BRF:3
BRH:3
end_of_record
TN:
SF:src/View/ViewElements/Scale/Scale.ts
FN:14,Scale
FN:19,createScale
FNF:2
FNH:2
FNDA:8,Scale
FNDA:1,createScale
DA:1,1
DA:2,1
DA:3,1
DA:4,1
DA:5,1
DA:6,1
DA:7,1
DA:8,1
DA:9,1
DA:10,1
DA:11,1
DA:12,1
DA:13,1
DA:14,1
DA:15,8
DA:16,8
DA:17,8
DA:18,1
DA:19,1
DA:20,1
DA:21,1
DA:22,1
DA:23,1
DA:24,1
DA:25,1
DA:26,1
DA:27,1
DA:28,1
LF:28
LH:28
BRDA:14,0,0,8
BRDA:19,1,0,1
BRF:2
BRH:2
end_of_record
TN:
SF:src/View/ViewElements/Scale/utils/createScaleMarks.ts
FN:5,createScaleMarks
FNF:1
FNH:1
FNDA:1,createScaleMarks
DA:1,1
DA:2,1
DA:3,1
DA:4,1
DA:5,1
DA:6,1
DA:7,1
DA:8,1
DA:9,1
DA:10,1
DA:11,1
DA:12,1
DA:13,1
DA:14,1
DA:15,0
DA:16,0
DA:17,1
DA:18,6
DA:19,6
DA:20,6
DA:21,6
DA:22,6
DA:23,6
DA:24,6
DA:25,6
DA:26,6
DA:27,6
DA:28,6
DA:29,6
DA:30,6
DA:31,1
DA:32,1
DA:33,1
LF:33
LH:31
BRDA:5,0,0,1
BRDA:14,1,0,0
BRDA:17,2,0,6
BRF:3
BRH:2
end_of_record
TN:
SF:src/View/ViewElements/Scale/utils/prepareScaleData.ts
FN:1,prepareScaleData
FN:22,getDelimiter
FNF:2
FNH:2
FNDA:2,prepareScaleData
FNDA:2,getDelimiter
DA:1,1
DA:2,2
DA:3,2
DA:4,2
DA:5,2
DA:6,2
DA:7,2
DA:8,2
DA:9,2
DA:10,2
DA:11,2
DA:12,2
DA:13,2
DA:14,2
DA:15,2
DA:16,2
DA:17,12
DA:18,12
DA:19,2
DA:20,2
DA:21,1
DA:22,2
DA:23,2
DA:24,4
DA:25,2
DA:26,2
DA:27,4
DA:28,2
DA:29,2
LF:29
LH:29
BRDA:1,0,0,2
BRDA:14,1,0,0
BRDA:16,2,0,12
BRDA:22,3,0,2
BRDA:23,4,0,4
BRDA:24,5,0,2
BRF:6
BRH:5
end_of_record
TN:
SF:src/View/ViewElements/Thumb/Thumb.ts
FN:25,Thumb
FN:42,createThumb
FN:48,setStep
FN:54,setValue
FN:58,setOffset
FN:62,setIsDecimal
FN:70,getOffset
FNF:7
FNH:6
FNDA:8,Thumb
FNDA:5,createThumb
FNDA:3,setStep
FNDA:295,setValue
FNDA:298,setOffset
FNDA:4,setIsDecimal
FNDA:0,getOffset
DA:1,1
DA:2,1
DA:3,1
DA:4,1
DA:5,1
DA:6,1
DA:7,1
DA:8,1
DA:9,1
DA:10,1
DA:11,1
DA:12,1
DA:13,1
DA:14,1
DA:15,1
DA:16,1
DA:17,1
DA:18,1
DA:19,1
DA:20,1
DA:21,1
DA:22,1
DA:23,1
DA:24,1
DA:25,1
DA:26,8
DA:27,8
DA:28,8
DA:29,8
DA:30,8
DA:31,8
DA:32,8
DA:33,8
DA:34,8
DA:35,8
DA:36,8
DA:37,8
DA:38,8
DA:39,8
DA:40,8
DA:41,1
DA:42,1
DA:43,5
DA:44,5
DA:45,5
DA:46,5
DA:47,1
DA:48,1
DA:49,3
DA:50,3
DA:51,3
DA:52,3
DA:53,1
DA:54,1
DA:55,295
DA:56,295
DA:57,1
DA:58,1
DA:59,298
DA:60,298
DA:61,1
DA:62,1
DA:63,4
DA:64,1
DA:65,3
DA:66,3
DA:67,3
DA:68,4
DA:69,1
DA:70,1
DA:71,0
DA:72,0
DA:73,1
DA:74,1
DA:75,1
DA:76,1
LF:76
LH:74
BRDA:25,0,0,8
BRDA:42,1,0,5
BRDA:48,2,0,3
BRDA:54,3,0,295
BRDA:58,4,0,298
BRDA:62,5,0,4
BRDA:63,6,0,3
BRDA:63,7,0,1
BRF:8
BRH:8
end_of_record
TN:
SF:src/View/ViewElements/Thumb/utils/dragThumb.ts
FN:6,dragThumb
FNF:1
FNH:1
FNDA:3,dragThumb
DA:1,1
DA:2,1
DA:3,1
DA:4,1
DA:5,1
DA:6,1
DA:7,3
DA:8,3
DA:9,3
DA:10,3
DA:11,0
DA:12,0
DA:13,0
DA:14,0
DA:15,0
DA:16,0
DA:17,0
DA:18,0
DA:19,0
DA:20,0
DA:21,0
DA:22,3
DA:23,3
DA:24,3
DA:25,3
DA:26,3
DA:27,3
DA:28,0
DA:29,0
DA:30,0
DA:31,0
DA:32,0
DA:33,0
DA:34,0
DA:35,0
DA:36,0
DA:37,0
DA:38,0
DA:39,3
DA:40,3
DA:41,1
DA:42,1
LF:42
LH:20
BRDA:6,0,0,3
BRF:1
BRH:1
end_of_record
TN:
SF:src/View/ViewElements/Thumb/utils/dropThumb.ts
FN:5,dropThumb
FNF:1
FNH:1
FNDA:2,dropThumb
DA:1,1
DA:2,1
DA:3,1
DA:4,1
DA:5,1
DA:6,2
DA:7,0
DA:8,0
DA:9,2
DA:10,0
DA:11,0
DA:12,2
DA:13,0
DA:14,0
DA:15,2
DA:16,0
DA:17,0
DA:18,2
DA:19,1
DA:20,1
DA:21,1
LF:21
LH:13
BRDA:5,0,0,2
BRF:1
BRH:1
end_of_record
TN:
SF:src/View/ViewElements/Thumb/utils/handleDrag.ts
FN:3,handleDrag
FNF:1
FNH:0
FNDA:0,handleDrag
DA:1,1
DA:2,1
DA:3,1
DA:4,0
DA:5,0
DA:6,0
DA:7,0
DA:8,0
DA:9,0
DA:10,0
DA:11,0
DA:12,0
DA:13,1
DA:14,1
LF:14
LH:5
BRF:0
BRH:0
end_of_record
TN:
SF:src/View/ViewElements/Thumb/utils/updateThumbPosition.ts
FN:6,updateThumbPosition
FNF:1
FNH:1
FNDA:289,updateThumbPosition
DA:1,1
DA:2,1
DA:3,1
DA:4,1
DA:5,1
DA:6,1
DA:7,289
DA:8,289
DA:9,289
DA:10,289
DA:11,1
DA:12,1
LF:12
LH:12
BRDA:6,0,0,289
BRF:1
BRH:1
end_of_record
TN:
SF:src/View/ViewElements/Thumb/utils/validateCollision.ts
FN:3,validateCollision
FNF:1
FNH:1
FNDA:3,validateCollision
DA:1,1
DA:2,1
DA:3,1
DA:4,3
DA:5,3
DA:6,2
DA:7,1
DA:8,1
DA:9,1
DA:10,3
DA:11,1
DA:12,1
DA:13,1
DA:14,1
DA:15,1
DA:16,1
DA:17,1
DA:18,1
DA:19,1
LF:19
LH:19
BRDA:3,0,0,3
BRDA:5,1,0,2
BRDA:6,2,0,1
BRDA:10,3,0,1
BRF:4
BRH:4
end_of_record
TN:
SF:src/View/ViewElements/Tip/Tip.ts
FN:10,Tip
FN:16,setOffset
FN:19,getOffset
FN:23,createTip
FNF:4
FNH:3
FNDA:7,Tip
FNDA:238,setOffset
FNDA:0,getOffset
FNDA:2,createTip
DA:1,1
DA:2,1
DA:3,1
DA:4,1
DA:5,1
DA:6,1
DA:7,1
DA:8,1
DA:9,1
DA:10,1
DA:11,7
DA:12,7
DA:13,7
DA:14,7
DA:15,7
DA:16,1
DA:17,238
DA:18,238
DA:19,1
DA:20,0
DA:21,0
DA:22,1
DA:23,1
DA:24,2
DA:25,2
DA:26,2
DA:27,2
DA:28,2
DA:29,2
DA:30,1
DA:31,1
DA:32,1
LF:32
LH:30
BRDA:10,0,0,7
BRDA:16,1,0,238
BRDA:23,2,0,2
BRF:3
BRH:3
end_of_record
TN:
SF:src/View/ViewElements/Tip/utils/updateTipsPosition.ts
FN:3,updateTipsPosition
FNF:1
FNH:1
FNDA:240,updateTipsPosition
DA:1,1
DA:2,1
DA:3,1
DA:4,240
DA:5,240
DA:6,240
DA:7,240
DA:8,240
DA:9,240
DA:10,240
DA:11,240
DA:12,240
DA:13,240
DA:14,240
DA:15,240
DA:16,1
DA:17,1
LF:17
LH:17
BRDA:3,0,0,240
BRF:1
BRH:1
end_of_record
TN:
SF:src/View/ViewElements/Track/Track.ts
FN:8,Track
FN:12,createTrack
FN:18,clickTrack
FNF:3
FNH:3
FNDA:8,Track
FNDA:2,createTrack
FNDA:3,clickTrack
DA:1,1
DA:2,1
DA:3,1
DA:4,1
DA:5,1
DA:6,1
DA:7,1
DA:8,1
DA:9,8
DA:10,8
DA:11,8
DA:12,1
DA:13,2
DA:14,2
DA:15,2
DA:16,2
DA:17,1
DA:18,1
DA:19,3
DA:20,3
DA:21,1
DA:22,1
DA:23,1
LF:23
LH:23
BRDA:8,0,0,8
BRDA:12,1,0,2
BRDA:18,2,0,3
BRF:3
BRH:3
end_of_record
TN:
SF:src/View/ViewElements/Track/utils/handleClick.ts
FN:6,handleClick
FNF:1
FNH:0
FNDA:0,handleClick
DA:1,1
DA:2,1
DA:3,1
DA:4,1
DA:5,1
DA:6,1
DA:7,0
DA:8,0
DA:9,0
DA:10,0
DA:11,0
DA:12,0
DA:13,0
DA:14,0
DA:15,0
DA:16,0
DA:17,0
DA:18,0
DA:19,0
DA:20,1
DA:21,1
LF:21
LH:8
BRF:0
BRH:0
end_of_record
TN:
SF:src/View/ViewModules/calculateCursorCoordinate.ts
FN:3,calculateCursorCoordinate
FNF:1
FNH:0
FNDA:0,calculateCursorCoordinate
DA:1,1
DA:2,1
DA:3,1
DA:4,0
DA:5,0
DA:6,0
DA:7,0
DA:8,0
DA:9,0
DA:10,0
DA:11,1
DA:12,1
LF:12
LH:5
BRF:0
BRH:0
end_of_record
TN:
SF:src/View/ViewModules/initialFillPlacement.ts
FN:5,initialFillPlacement
FNF:1
FNH:1
FNDA:2,initialFillPlacement
DA:1,1
DA:2,1
DA:3,1
DA:4,1
DA:5,1
DA:6,2
DA:7,2
DA:8,1
DA:9,1
LF:9
LH:9
BRDA:5,0,0,2
BRF:1
BRH:1
end_of_record
TN:
SF:src/View/ViewModules/initialThumbPlacement.ts
FN:5,initialThumbPlacement
FNF:1
FNH:1
FNDA:2,initialThumbPlacement
DA:1,1
DA:2,1
DA:3,1
DA:4,1
DA:5,1
DA:6,2
DA:7,2
DA:8,2
DA:9,2
DA:10,2
DA:11,2
DA:12,1
DA:13,1
LF:13
LH:13
BRDA:5,0,0,2
BRF:1
BRH:1
end_of_record
TN:
SF:src/View/ViewModules/initialTipPlacement.ts
FN:4,initialTipPlacement
FNF:1
FNH:1
FNDA:2,initialTipPlacement
DA:1,1
DA:2,1
DA:3,1
DA:4,1
DA:5,2
DA:6,2
DA:7,2
DA:8,2
DA:9,2
DA:10,2
DA:11,2
DA:12,1
DA:13,1
LF:13
LH:13
BRDA:4,0,0,2
BRF:1
BRH:1
end_of_record
TN:
SF:src/View/ViewModules/prepareDirectionForInteraction.ts
FN:4,prepareDirectionForInteraction
FNF:1
FNH:1
FNDA:2,prepareDirectionForInteraction
DA:1,1
DA:2,1
DA:3,1
DA:4,1
DA:5,2
DA:6,2
DA:7,2
DA:8,2
DA:9,2
DA:10,2
DA:11,1
DA:12,1
LF:12
LH:12
BRDA:4,0,0,2
BRDA:8,1,0,1
BRDA:8,2,0,1
BRDA:9,3,0,1
BRDA:9,4,0,1
BRF:5
BRH:5
end_of_record
