TN:
SF:src/Slider.ts
FN:9,Slider
FN:15,init
FNF:2
FNH:1
FNDA:4,Slider
FNDA:0,init
DA:1,1
DA:2,1
DA:3,1
DA:4,1
DA:5,1
DA:6,1
DA:7,1
DA:8,1
DA:9,1
DA:10,4
DA:11,4
DA:12,4
DA:13,4
DA:14,1
DA:15,1
DA:16,0
DA:17,0
DA:18,1
DA:19,1
LF:19
LH:17
BRDA:9,0,0,4
BRF:1
BRH:1
end_of_record
TN:
SF:src/Model/ThumbModel.ts
FN:19,ThumbModel
FN:35,setStep
FN:41,calculateValue
FN:45,setValue
FN:49,setStance
FN:52,setIsDecimal
FN:57,calculateOffset
FN:64,setOffset
FN:68,setStepOffset
FN:71,calculateStepOffset
FN:77,calculateCursorOffset
FN:81,setCursorOffset
FN:85,updateThumbValue
FN:118,getValue
FN:121,getOffset
FN:125,getState
FNF:16
FNH:8
FNDA:6,ThumbModel
FNDA:5,setStep
FNDA:0,calculateValue
FNDA:4,setValue
FNDA:4,setStance
FNDA:4,setIsDecimal
FNDA:4,calculateOffset
FNDA:4,setOffset
FNDA:0,setStepOffset
FNDA:0,calculateStepOffset
FNDA:0,calculateCursorOffset
FNDA:0,setCursorOffset
FNDA:0,updateThumbValue
FNDA:0,getValue
FNDA:0,getOffset
FNDA:4,getState
DA:1,1
DA:2,1
DA:3,1
DA:4,1
DA:5,1
DA:6,1
DA:7,1
DA:8,1
DA:9,1
DA:10,1
DA:11,1
DA:12,1
DA:13,1
DA:14,1
DA:15,1
DA:16,1
DA:17,1
DA:18,1
DA:19,1
DA:20,6
DA:21,6
DA:22,6
DA:23,6
DA:24,6
DA:25,6
DA:26,6
DA:27,6
DA:28,6
DA:29,6
DA:30,6
DA:31,6
DA:32,6
DA:33,6
DA:34,1
DA:35,1
DA:36,5
DA:37,5
DA:38,5
DA:39,5
DA:40,1
DA:41,1
DA:42,0
DA:43,0
DA:44,1
DA:45,1
DA:46,4
DA:47,4
DA:48,1
DA:49,1
DA:50,4
DA:51,4
DA:52,1
DA:53,4
DA:54,4
DA:55,4
DA:56,1
DA:57,1
DA:58,4
DA:59,4
DA:60,4
DA:61,4
DA:62,4
DA:63,1
DA:64,1
DA:65,4
DA:66,4
DA:67,1
DA:68,1
DA:69,0
DA:70,0
DA:71,1
DA:72,0
DA:73,0
DA:74,0
DA:75,0
DA:76,1
DA:77,1
DA:78,0
DA:79,0
DA:80,1
DA:81,1
DA:82,0
DA:83,0
DA:84,1
DA:85,1
DA:86,0
DA:87,0
DA:88,0
DA:89,0
DA:90,0
DA:91,0
DA:92,0
DA:93,0
DA:94,0
DA:95,0
DA:96,0
DA:97,0
DA:98,0
DA:99,0
DA:100,0
DA:101,0
DA:102,0
DA:103,0
DA:104,0
DA:105,0
DA:106,0
DA:107,0
DA:108,0
DA:109,0
DA:110,0
DA:111,0
DA:112,0
DA:113,0
DA:114,0
DA:115,0
DA:116,0
DA:117,1
DA:118,1
DA:119,0
DA:120,0
DA:121,1
DA:122,0
DA:123,0
DA:124,1
DA:125,1
DA:126,4
DA:127,4
DA:128,4
DA:129,4
DA:130,4
DA:131,4
DA:132,4
DA:133,4
DA:134,4
DA:135,4
DA:136,4
DA:137,1
DA:138,1
DA:139,1
LF:139
LH:92
BRDA:19,0,0,6
BRDA:35,1,0,5
BRDA:45,2,0,4
BRDA:49,3,0,4
BRDA:52,4,0,4
BRDA:57,5,0,4
BRDA:64,6,0,4
BRDA:125,7,0,4
BRF:8
BRH:8
end_of_record
TN:
SF:src/Model/TrackModel.ts
FN:21,TrackModel
FN:35,setEnds
FN:39,setSize
FN:42,setIsRange
FN:46,setDirection
FN:49,setSubViews
FN:55,calculateFillSize
FN:79,setFillSize
FN:83,calculateFillOffset
FN:103,setFillOffset
FN:107,updateTrackFill
FN:114,prepareChooseStance
FN:124,getState
FN:137,getFillState
FNF:14
FNH:6
FNDA:6,TrackModel
FNDA:3,setEnds
FNDA:2,setSize
FNDA:2,setIsRange
FNDA:2,setDirection
FNDA:2,setSubViews
FNDA:0,calculateFillSize
FNDA:0,setFillSize
FNDA:0,calculateFillOffset
FNDA:0,setFillOffset
FNDA:0,updateTrackFill
FNDA:0,prepareChooseStance
FNDA:0,getState
FNDA:0,getFillState
DA:1,1
DA:2,1
DA:3,1
DA:4,1
DA:5,1
DA:6,1
DA:7,1
DA:8,1
DA:9,1
DA:10,1
DA:11,1
DA:12,1
DA:13,1
DA:14,1
DA:15,1
DA:16,1
DA:17,1
DA:18,1
DA:19,1
DA:20,1
DA:21,1
DA:22,6
DA:23,6
DA:24,6
DA:25,6
DA:26,6
DA:27,6
DA:28,6
DA:29,6
DA:30,6
DA:31,6
DA:32,6
DA:33,6
DA:34,1
DA:35,1
DA:36,3
DA:37,3
DA:38,1
DA:39,1
DA:40,2
DA:41,2
DA:42,1
DA:43,2
DA:44,2
DA:45,1
DA:46,1
DA:47,2
DA:48,2
DA:49,1
DA:50,2
DA:51,2
DA:52,2
DA:53,2
DA:54,1
DA:55,1
DA:56,0
DA:57,0
DA:58,0
DA:59,0
DA:60,0
DA:61,0
DA:62,0
DA:63,0
DA:64,0
DA:65,0
DA:66,0
DA:67,0
DA:68,0
DA:69,0
DA:70,0
DA:71,0
DA:72,0
DA:73,0
DA:74,0
DA:75,0
DA:76,0
DA:77,0
DA:78,1
DA:79,1
DA:80,0
DA:81,0
DA:82,1
DA:83,1
DA:84,0
DA:85,0
DA:86,0
DA:87,0
DA:88,0
DA:89,0
DA:90,0
DA:91,0
DA:92,0
DA:93,0
DA:94,0
DA:95,0
DA:96,0
DA:97,0
DA:98,0
DA:99,0
DA:100,0
DA:101,0
DA:102,1
DA:103,1
DA:104,0
DA:105,0
DA:106,1
DA:107,1
DA:108,0
DA:109,0
DA:110,0
DA:111,0
DA:112,1
DA:113,1
DA:114,1
DA:115,0
DA:116,0
DA:117,0
DA:118,0
DA:119,0
DA:120,0
DA:121,0
DA:122,1
DA:123,1
DA:124,1
DA:125,0
DA:126,0
DA:127,0
DA:128,0
DA:129,0
DA:130,0
DA:131,0
DA:132,0
DA:133,0
DA:134,0
DA:135,1
DA:136,1
DA:137,1
DA:138,0
DA:139,0
DA:140,0
DA:141,0
DA:142,0
DA:143,1
DA:144,1
DA:145,1
LF:145
LH:75
BRDA:21,0,0,6
BRDA:35,1,0,3
BRDA:39,2,0,2
BRDA:42,3,0,2
BRDA:46,4,0,2
BRDA:49,5,0,2
BRF:6
BRH:6
end_of_record
TN:
SF:src/Presenter/Presenter.ts
FN:47,Presenter
FN:67,init
FN:85,setTrackModelState
FN:106,setViewState
FN:111,addSliderClasses
FN:116,createSlider
FN:147,createRangeSlider
FN:159,setThumbModelState
FN:181,setThumbViewStateAndPlacement
FN:201,setTrackFillAndPlacement
FN:214,setTipPlacement
FN:218,createThumb
FN:222,createThumbView
FN:226,createTrackView
FN:230,createScaleView
FN:241,creteFillView
FN:245,creteTipView
FN:253,createSubViewsView
FN:262,addListeners
FNF:19
FNH:15
FNDA:4,Presenter
FNDA:4,init
FNDA:2,setTrackModelState
FNDA:0,setViewState
FNDA:4,addSliderClasses
FNDA:4,createSlider
FNDA:4,createRangeSlider
FNDA:4,setThumbModelState
FNDA:4,setThumbViewStateAndPlacement
FNDA:4,setTrackFillAndPlacement
FNDA:4,setTipPlacement
FNDA:4,createThumb
FNDA:4,createThumbView
FNDA:0,createTrackView
FNDA:0,createScaleView
FNDA:0,creteFillView
FNDA:4,creteTipView
FNDA:4,createSubViewsView
FNDA:4,addListeners
DA:1,1
DA:2,1
DA:3,1
DA:4,1
DA:5,1
DA:6,1
DA:7,1
DA:8,1
DA:9,1
DA:10,1
DA:11,1
DA:12,1
DA:13,1
DA:14,1
DA:15,1
DA:16,1
DA:17,1
DA:18,1
DA:19,1
DA:20,1
DA:21,1
DA:22,1
DA:23,1
DA:24,1
DA:25,1
DA:26,1
DA:27,1
DA:28,1
DA:29,1
DA:30,1
DA:31,1
DA:32,1
DA:33,1
DA:34,1
DA:35,1
DA:36,1
DA:37,1
DA:38,1
DA:39,1
DA:40,1
DA:41,1
DA:42,1
DA:43,1
DA:44,1
DA:45,1
DA:46,1
DA:47,1
DA:48,4
DA:49,4
DA:50,4
DA:51,4
DA:52,4
DA:53,4
DA:54,4
DA:55,4
DA:56,4
DA:57,4
DA:58,4
DA:59,4
DA:60,4
DA:61,4
DA:62,4
DA:63,4
DA:64,4
DA:65,4
DA:66,1
DA:67,1
DA:68,4
DA:69,0
DA:70,0
DA:71,0
DA:72,0
DA:73,0
DA:74,0
DA:75,0
DA:76,4
DA:77,0
DA:78,0
DA:79,4
DA:80,4
DA:81,4
DA:82,4
DA:83,4
DA:84,1
DA:85,1
DA:86,2
DA:87,2
DA:88,2
DA:89,2
DA:90,2
DA:91,2
DA:92,2
DA:93,2
DA:94,2
DA:95,2
DA:96,0
DA:97,2
DA:98,2
DA:99,2
DA:100,2
DA:101,2
DA:102,2
DA:103,2
DA:104,2
DA:105,1
DA:106,1
DA:107,0
DA:108,0
DA:109,0
DA:110,1
DA:111,1
DA:112,4
DA:113,4
DA:114,4
DA:115,1
DA:116,1
DA:117,4
DA:118,4
DA:119,4
DA:120,4
DA:121,4
DA:122,4
DA:123,4
DA:124,4
DA:125,4
DA:126,4
DA:127,4
DA:128,4
DA:129,4
DA:130,4
DA:131,4
DA:132,4
DA:133,4
DA:134,4
DA:135,4
DA:136,4
DA:137,4
DA:138,4
DA:139,4
DA:140,4
DA:141,4
DA:142,4
DA:143,4
DA:144,4
DA:145,4
DA:146,1
DA:147,1
DA:148,4
DA:149,4
DA:150,4
DA:151,0
DA:152,0
DA:153,0
DA:154,4
DA:155,4
DA:156,4
DA:157,4
DA:158,1
DA:159,1
DA:160,4
DA:161,4
DA:162,4
DA:163,4
DA:164,4
DA:165,4
DA:166,4
DA:167,4
DA:168,4
DA:169,4
DA:170,4
DA:171,4
DA:172,4
DA:173,4
DA:174,4
DA:175,4
DA:176,4
DA:177,4
DA:178,4
DA:179,4
DA:180,1
DA:181,1
DA:182,4
DA:183,4
DA:184,4
DA:185,4
DA:186,4
DA:187,4
DA:188,4
DA:189,4
DA:190,4
DA:191,4
DA:192,4
DA:193,4
DA:194,4
DA:195,4
DA:196,4
DA:197,4
DA:198,4
DA:199,4
DA:200,1
DA:201,1
DA:202,4
DA:203,0
DA:204,0
DA:205,0
DA:206,0
DA:207,0
DA:208,0
DA:209,0
DA:210,0
DA:211,0
DA:212,4
DA:213,1
DA:214,1
DA:215,4
DA:216,4
DA:217,1
DA:218,1
DA:219,4
DA:220,4
DA:221,1
DA:222,1
DA:223,4
DA:224,4
DA:225,1
DA:226,1
DA:227,0
DA:228,0
DA:229,1
DA:230,1
DA:231,0
DA:232,0
DA:233,0
DA:234,0
DA:235,0
DA:236,0
DA:237,0
DA:238,0
DA:239,0
DA:240,1
DA:241,1
DA:242,0
DA:243,0
DA:244,1
DA:245,1
DA:246,4
DA:247,4
DA:248,4
DA:249,4
DA:250,4
DA:251,4
DA:252,1
DA:253,1
DA:254,4
DA:255,0
DA:256,0
DA:257,0
DA:258,0
DA:259,0
DA:260,4
DA:261,1
DA:262,1
DA:263,4
DA:264,4
DA:265,4
DA:266,4
DA:267,0
DA:268,0
DA:269,4
DA:270,1
DA:271,1
DA:272,1
LF:272
LH:227
BRDA:47,0,0,4
BRDA:67,1,0,4
BRDA:68,2,0,0
BRDA:85,3,0,2
BRDA:95,4,0,0
BRDA:111,5,0,4
BRDA:116,6,0,4
BRDA:134,7,0,0
BRDA:147,8,0,4
BRDA:150,9,0,0
BRDA:159,10,0,4
BRDA:169,11,0,4
BRDA:181,12,0,4
BRDA:201,13,0,4
BRDA:214,14,0,4
BRDA:218,15,0,4
BRDA:222,16,0,4
BRDA:245,17,0,4
BRDA:253,18,0,4
BRDA:262,19,0,4
BRDA:266,20,0,0
BRF:21
BRH:16
end_of_record
TN:
SF:src/Presenter/PresenterModules/checkParams.ts
FN:3,checkParams
FNF:1
FNH:1
FNDA:9,checkParams
DA:1,1
DA:2,1
DA:3,1
DA:4,9
DA:5,9
DA:6,9
DA:7,9
DA:8,9
DA:9,9
DA:10,9
DA:11,9
DA:12,9
DA:13,9
DA:14,9
DA:15,9
DA:16,9
DA:17,9
DA:18,9
DA:19,5
DA:20,5
DA:21,9
DA:22,9
DA:23,9
DA:24,9
DA:25,9
DA:26,0
DA:27,0
DA:28,0
DA:29,0
DA:30,9
DA:31,9
DA:32,0
DA:33,0
DA:34,9
DA:35,9
DA:36,9
DA:37,9
DA:38,9
DA:39,9
DA:40,9
DA:41,9
DA:42,9
DA:43,9
DA:44,9
DA:45,9
DA:46,9
DA:47,9
DA:48,9
DA:49,9
DA:50,9
DA:51,9
DA:52,1
DA:53,1
LF:53
LH:47
BRDA:3,0,0,9
BRDA:18,1,0,5
BRDA:22,2,0,0
BRDA:23,3,0,0
BRDA:25,4,0,0
BRDA:31,5,0,0
BRDA:49,6,0,0
BRF:7
BRH:2
end_of_record
TN:
SF:src/View/View.ts
FN:38,View
FN:62,setState
FN:80,setFillState
FNF:3
FNH:1
FNDA:5,View
FNDA:0,setState
FNDA:0,setFillState
DA:1,1
DA:2,1
DA:3,1
DA:4,1
DA:5,1
DA:6,1
DA:7,1
DA:8,1
DA:9,1
DA:10,1
DA:11,1
DA:12,1
DA:13,1
DA:14,1
DA:15,1
DA:16,1
DA:17,1
DA:18,1
DA:19,1
DA:20,1
DA:21,1
DA:22,1
DA:23,1
DA:24,1
DA:25,1
DA:26,1
DA:27,1
DA:28,1
DA:29,1
DA:30,1
DA:31,1
DA:32,1
DA:33,1
DA:34,1
DA:35,1
DA:36,1
DA:37,1
DA:38,1
DA:39,5
DA:40,5
DA:41,5
DA:42,5
DA:43,5
DA:44,5
DA:45,5
DA:46,5
DA:47,5
DA:48,5
DA:49,5
DA:50,5
DA:51,5
DA:52,5
DA:53,5
DA:54,5
DA:55,5
DA:56,5
DA:57,5
DA:58,5
DA:59,5
DA:60,5
DA:61,1
DA:62,1
DA:63,0
DA:64,0
DA:65,0
DA:66,0
DA:67,0
DA:68,0
DA:69,0
DA:70,0
DA:71,0
DA:72,0
DA:73,0
DA:74,0
DA:75,0
DA:76,0
DA:77,0
DA:78,0
DA:79,1
DA:80,1
DA:81,0
DA:82,0
DA:83,0
DA:84,1
DA:85,1
LF:85
LH:66
BRDA:38,0,0,5
BRF:1
BRH:1
end_of_record
